make all -f /Users/sashasidach/Downloads/21fa-project-2-group-14-main 3/Makefile --print-data-base --no-builtin-variables --no-builtin-rules --question
# GNU Make 3.81
# Copyright (C) 2006  Free Software Foundation, Inc.
# This is free software; see the source for copying conditions.
# There is NO warranty; not even for MERCHANTABILITY or FITNESS FOR A
# PARTICULAR PURPOSE.

# This program built for i386-apple-darwin11.3.0
 
find: ./src/util: No such file or directory
find: ./src/pennos: No such file or directory
find: ./src/pennfat: No such file or directory
find: ./bin: No such file or directory
 

# Make data base, printed on Wed Feb  2 23:19:01 2022

# Variables

# automatic
<D = $(patsubst %/,%,$(dir $<))
# automatic
?F = $(notdir $?)
# environment
VSCODE_LOG_NATIVE = false
# automatic
?D = $(patsubst %/,%,$(dir $?))
# automatic
@D = $(patsubst %/,%,$(dir $@))
# automatic
@F = $(notdir $@)
# makefile
CURDIR := /Users/sashasidach/lc4-labs
# makefile
SHELL = /bin/sh
# environment
VSCODE_NLS_CONFIG = {"locale":"en-us","availableLanguages":{},"_languagePackSupport":true}
# environment
_ = /usr/bin/make
# makefile (from `/Users/sashasidach/Downloads/21fa-project-2-group-14-main 3/Makefile', line 3)
CFLAGS = -Wall -Werror -O1
# makefile (from `/Users/sashasidach/Downloads/21fa-project-2-group-14-main 3/Makefile', line 30)
FAT_OBJS := 
# makefile (from `/Users/sashasidach/Downloads/21fa-project-2-group-14-main 3/Makefile', line 1)
MAKEFILE_LIST :=  /Users/sashasidach/Downloads/21fa-project-2-group-14-main 3/Makefile
# makefile (from `/Users/sashasidach/Downloads/21fa-project-2-group-14-main 3/Makefile', line 16)
OS_SRC_DIR = ./src/pennos
# environment
VSCODE_VERBOSE_LOGGING = true
# makefile (from `/Users/sashasidach/Downloads/21fa-project-2-group-14-main 3/Makefile', line 10)
UTIL_DIR = ./src/util
# environment
__CFBundleIdentifier = com.microsoft.VSCode
# environment
VSCODE_IPC_HOOK_EXTHOST = /var/folders/bn/7nc7mrnn1hgdj7x2thqh8ty00000gn/T/vscode-ipc-ad711d2b-f25b-4973-9890-caffc5bb3bd5.sock
# environment
VSCODE_CWD = /
# makefile (from `/Users/sashasidach/Downloads/21fa-project-2-group-14-main 3/Makefile', line 18)
OS_SRCS := 
# environment
PATH = /Library/Frameworks/Python.framework/Versions/3.7/bin:/Library/Frameworks/Python.framework/Versions/3.7/bin:/usr/local/bin:/usr/bin:/bin:/usr/sbin:/sbin:/Library/TeX/texbin
# makefile (from `/Users/sashasidach/Downloads/21fa-project-2-group-14-main 3/Makefile', line 12)
UTIL_OBJS := 
# environment
VSCODE_LOG_STACK = false
# environment
ELECTRON_RUN_AS_NODE = 1
# default
.FEATURES := target-specific order-only second-expansion else-if archives jobserver check-symlink
# makefile (from `/Users/sashasidach/Downloads/21fa-project-2-group-14-main 3/Makefile', line 26)
PROG_FAT = pennfat
# environment
SSH_AUTH_SOCK = /private/tmp/com.apple.launchd.l7CGZhpLaY/Listeners
# automatic
%F = $(notdir $%)
# environment
VSCODE_PIPE_LOGGING = true
# environment
PWD = /Users/sashasidach/lc4-labs
# environment
ORIGINAL_XDG_CURRENT_DESKTOP = undefined
# makefile (from `/Users/sashasidach/Downloads/21fa-project-2-group-14-main 3/Makefile', line 29)
FAT_SRCS := 
# environment
VSCODE_AMD_ENTRYPOINT = vs/workbench/services/extensions/node/extensionHostProcess
# environment
HOME = /Users/sashasidach
# default
MAKEFILEPATH = $(shell /usr/bin/xcode-select -print-path 2>/dev/null || echo /Developer)/Makefiles
# environment
VSCODE_CODE_CACHE_PATH = /Users/sashasidach/Library/Application Support/Code/CachedData/899d46d82c4c95423fb7e10e68eba52050e30ba3
# environment
LOGNAME = sashasidach
# environment
APPLICATION_INSIGHTS_NO_DIAGNOSTIC_CHANNEL = true
# makefile (from `/Users/sashasidach/Downloads/21fa-project-2-group-14-main 3/Makefile', line 7)
BIN_OBJS = $(shell find $(BIN_DIR) -name *.o)
# environment
VSCODE_HANDLES_UNCAUGHT_ERRORS = true
# automatic
^D = $(patsubst %/,%,$(dir $^))
# environment
XPC_FLAGS = 0x0
# default
MAKE = $(MAKE_COMMAND)
# default
MAKECMDGOALS := all
# environment
SHLVL = 2
# makefile (from `/Users/sashasidach/Downloads/21fa-project-2-group-14-main 3/Makefile', line 19)
OS_OBJS := 
# makefile (from `/Users/sashasidach/Downloads/21fa-project-2-group-14-main 3/Makefile', line 1)
CC = clang
# default
MAKE_VERSION := 3.81
# environment
USER = sashasidach
# makefile (from `/Users/sashasidach/Downloads/21fa-project-2-group-14-main 3/Makefile', line 38)
.DEFAULT_GOAL := all
# makefile (from `/Users/sashasidach/Downloads/21fa-project-2-group-14-main 3/Makefile', line 11)
UTIL_SRCS := 
# automatic
%D = $(patsubst %/,%,$(dir $%))
# default
MAKE_COMMAND := /Library/Developer/CommandLineTools/usr/bin/make
# default
.VARIABLES := 
# environment
TMPDIR = /var/folders/bn/7nc7mrnn1hgdj7x2thqh8ty00000gn/T/
# automatic
*F = $(notdir $*)
# environment
VSCODE_IPC_HOOK = /Users/sashasidach/Library/Application Support/Code/1.63.2-main.sock
# makefile (from `/Users/sashasidach/Downloads/21fa-project-2-group-14-main 3/Makefile', line 27)
FAT_SRC_DIR = ./src/pennfat
# makefile
MAKEFLAGS = Rrqp
# environment
MFLAGS = -Rrqp
# automatic
*D = $(patsubst %/,%,$(dir $*))
# environment
XPC_SERVICE_NAME = application.com.microsoft.VSCode.35007100.35007106
# automatic
+D = $(patsubst %/,%,$(dir $+))
# automatic
+F = $(notdir $+)
# environment
__CF_USER_TEXT_ENCODING = 0x1F5:0x0:0x0
# environment
COMMAND_MODE = unix2003
# default
MAKEFILES := 
# automatic
<F = $(notdir $<)
# makefile (from `/Users/sashasidach/Downloads/21fa-project-2-group-14-main 3/Makefile', line 6)
BIN_DIR = ./bin
# environment
LC_ALL = C
# makefile (from `/Users/sashasidach/Downloads/21fa-project-2-group-14-main 3/Makefile', line 15)
PROG_OS = pennos
# automatic
^F = $(notdir $^)
# default
SUFFIXES := 
# default
.INCLUDE_DIRS = /usr/local/include
# environment
MAKELEVEL := 0
# environment
LANG = C
# environment
VSCODE_PID = 7247
# variable set hash-table stats:
# Load=77/1024=8%, Rehash=0, Collisions=5/133=4%

# Pattern-specific Variable Values

# No pattern-specific variable values.

# Directories


# No files, no impossibilities in 0 directories.

# Implicit Rules

# No implicit rules.

# Files

all: pennos pennfat
#  Command-line target.
#  Implicit rule search has been done.
#  File does not exist.
#  File has been updated.
#  Needs to be updated (-q is set).
# variable set hash-table stats:
# Load=0/32=0%, Rehash=0, Collisions=0/7=0%

.PHONY: clean
#  Implicit rule search has not been done.
#  Modification time never checked.
#  File has not been updated.

pennfat:
#  Implicit rule search has not been done.
#  Modification time never checked.
#  File has not been updated.
#  commands to execute (from `/Users/sashasidach/Downloads/21fa-project-2-group-14-main 3/Makefile', line 34):
	$(CC) -o $@ $^ $(BIN_OBJS)
	

# Not a target:
.SUFFIXES:
#  Implicit rule search has not been done.
#  Modification time never checked.
#  File has not been updated.

pennos:
#  Implicit rule search has not been done.
#  Implicit/static pattern stem: `'
#  File does not exist.
#  File has been updated.
#  Needs to be updated (-q is set).
# automatic
# @ := pennos
# automatic
# % := 
# automatic
# * := 
# automatic
# + := 
# automatic
# | := 
# automatic
# < := 
# automatic
# ^ := 
# automatic
# ? := 
# variable set hash-table stats:
# Load=8/32=25%, Rehash=0, Collisions=3/17=18%
#  commands to execute (from `/Users/sashasidach/Downloads/21fa-project-2-group-14-main 3/Makefile', line 23):
	$(CC) -o $@ $^ $(BIN_OBJS)
	

# Not a target:
.DEFAULT:
#  Implicit rule search has not been done.
#  Modification time never checked.
#  File has not been updated.

clean:
#  Phony target (prerequisite of .PHONY).
#  Implicit rule search has not been done.
#  File does not exist.
#  File has not been updated.
#  commands to execute (from `/Users/sashasidach/Downloads/21fa-project-2-group-14-main 3/Makefile', line 44):
	$(RM) $(OS_OBJS) $(PROG_OS) $(PROG_FAT) $(FAT_OBJS) $(PROG_FAT) $(UTIL_OBJS)
	

# Not a target:
/Users/sashasidach/Downloads/21fa-project-2-group-14-main 3/Makefile:
#  Implicit rule search has been done.
#  Last modified 2021-11-28 23:27:05
#  File has been updated.
#  Successfully updated.
# variable set hash-table stats:
# Load=0/32=0%, Rehash=0, Collisions=0/0=0%

# files hash-table stats:
# Load=8/1024=1%, Rehash=0, Collisions=0/25=0%
# VPATH Search Paths

# No `vpath' search paths.

# No general (`VPATH' variable) search path.

# # of strings in strcache: 1
# # of strcache buffers: 1
# strcache size: total = 4096 / max = 4096 / min = 4096 / avg = 4096
# strcache free: total = 4027 / max = 4027 / min = 4027 / avg = 4027

# Finished Make data base on Wed Feb  2 23:19:01 2022

 
